=== start judge ===
cases: 5, max: 20
-- The C compiler identification is GNU 13.3.0
-- The CXX compiler identification is GNU 13.3.0
-- Detecting C compiler ABI info
-- Detecting C compiler ABI info - done
-- Check for working C compiler: /usr/bin/cc - skipped
-- Detecting C compile features
-- Detecting C compile features - done
-- Detecting CXX compiler ABI info
-- Detecting CXX compiler ABI info - done
-- Check for working CXX compiler: /usr/bin/c++ - skipped
-- Detecting CXX compile features
-- Detecting CXX compile features - done
Collect source files
-- Add : /mnt/c/Users/USER/Desktop/114-framework/114FinalQ001/solution/entrypoint.cpp
Create case1 Build Context
-- Copy /mnt/c/Users/USER/Desktop/114-framework/114FinalQ001/online-judge/case1.h
-- To /tmp/regs-build-XEh7bn/case/_1_/case.h
-- Add include: /mnt/c/Users/USER/Desktop/114-framework/114FinalQ001/solution
-- Add include: /mnt/c/Users/USER/Desktop/114-framework/114FinalQ001/solution/include
-- Generated target case1 using case1.h
-- Added test target: case1
Create case2 Build Context
-- Copy /mnt/c/Users/USER/Desktop/114-framework/114FinalQ001/online-judge/case2.h
-- To /tmp/regs-build-XEh7bn/case/_2_/case.h
-- Add include: /mnt/c/Users/USER/Desktop/114-framework/114FinalQ001/solution
-- Add include: /mnt/c/Users/USER/Desktop/114-framework/114FinalQ001/solution/include
-- Generated target case2 using case2.h
-- Added test target: case2
Create case3 Build Context
-- Copy /mnt/c/Users/USER/Desktop/114-framework/114FinalQ001/online-judge/case3.h
-- To /tmp/regs-build-XEh7bn/case/_3_/case.h
-- Add include: /mnt/c/Users/USER/Desktop/114-framework/114FinalQ001/solution
-- Add include: /mnt/c/Users/USER/Desktop/114-framework/114FinalQ001/solution/include
-- Generated target case3 using case3.h
-- Added test target: case3
Create case4 Build Context
-- Copy /mnt/c/Users/USER/Desktop/114-framework/114FinalQ001/online-judge/case4.h
-- To /tmp/regs-build-XEh7bn/case/_4_/case.h
-- Add include: /mnt/c/Users/USER/Desktop/114-framework/114FinalQ001/solution
-- Add include: /mnt/c/Users/USER/Desktop/114-framework/114FinalQ001/solution/include
-- Generated target case4 using case4.h
-- Added test target: case4
Create case5 Build Context
-- Copy /mnt/c/Users/USER/Desktop/114-framework/114FinalQ001/online-judge/case5.h
-- To /tmp/regs-build-XEh7bn/case/_5_/case.h
-- Add include: /mnt/c/Users/USER/Desktop/114-framework/114FinalQ001/solution
-- Add include: /mnt/c/Users/USER/Desktop/114-framework/114FinalQ001/solution/include
-- Generated target case5 using case5.h
-- Added test target: case5
All Secret:
--  case1 '@SECRET@'
--  case2 '@SECRET@'
--  case3 '@SECRET@'
--  case4 '@SECRET@'
--  case5 '@SECRET@'
-- Configuring done (1.9s)
-- Generating done (0.0s)
-- Build files have been written to: /tmp/regs-build-XEh7bn
[1/10] Building CXX object CMakeFiles/case4.dir/mnt/c/Users/USER/Desktop/114-framework/114FinalQ001/solution/entrypoint.cpp.o
[2/10] Linking CXX executable case4
[3/10] Building CXX object CMakeFiles/case3.dir/mnt/c/Users/USER/Desktop/114-framework/114FinalQ001/solution/entrypoint.cpp.o
[4/10] Building CXX object CMakeFiles/case2.dir/mnt/c/Users/USER/Desktop/114-framework/114FinalQ001/solution/entrypoint.cpp.o
[5/10] Building CXX object CMakeFiles/case1.dir/mnt/c/Users/USER/Desktop/114-framework/114FinalQ001/solution/entrypoint.cpp.o
[6/10] Linking CXX executable case3
[7/10] Linking CXX executable case2
[8/10] Linking CXX executable case1
[9/10] Building CXX object CMakeFiles/case5.dir/mnt/c/Users/USER/Desktop/114-framework/114FinalQ001/solution/entrypoint.cpp.o
[10/10] Linking CXX executable case5
case1 2/2 (AC)
case2 2/2 (AC)
case3 4/4 (AC)
case4 4/4 (AC)
case5 8/8 (AC)
=== start judge ===
cases: 5, max: 20
-- The C compiler identification is GNU 13.3.0
-- The CXX compiler identification is GNU 13.3.0
-- Detecting C compiler ABI info
-- Detecting C compiler ABI info - done
-- Check for working C compiler: /usr/bin/cc - skipped
-- Detecting C compile features
-- Detecting C compile features - done
-- Detecting CXX compiler ABI info
-- Detecting CXX compiler ABI info - done
-- Check for working CXX compiler: /usr/bin/c++ - skipped
-- Detecting CXX compile features
-- Detecting CXX compile features - done
Collect source files
-- Add : /mnt/c/Users/USER/Desktop/114-framework/114FinalQ001/solution/entrypoint.cpp
Create case1 Build Context
-- Copy /mnt/c/Users/USER/Desktop/114-framework/114FinalQ001/online-judge/case1.h
-- To /tmp/regs-build-WNm7sI/case/_1_/case.h
-- Add include: /mnt/c/Users/USER/Desktop/114-framework/114FinalQ001/solution
-- Add include: /mnt/c/Users/USER/Desktop/114-framework/114FinalQ001/solution/include
-- Generated target case1 using case1.h
-- Added test target: case1
Create case2 Build Context
-- Copy /mnt/c/Users/USER/Desktop/114-framework/114FinalQ001/online-judge/case2.h
-- To /tmp/regs-build-WNm7sI/case/_2_/case.h
-- Add include: /mnt/c/Users/USER/Desktop/114-framework/114FinalQ001/solution
-- Add include: /mnt/c/Users/USER/Desktop/114-framework/114FinalQ001/solution/include
-- Generated target case2 using case2.h
-- Added test target: case2
Create case3 Build Context
-- Copy /mnt/c/Users/USER/Desktop/114-framework/114FinalQ001/online-judge/case3.h
-- To /tmp/regs-build-WNm7sI/case/_3_/case.h
-- Add include: /mnt/c/Users/USER/Desktop/114-framework/114FinalQ001/solution
-- Add include: /mnt/c/Users/USER/Desktop/114-framework/114FinalQ001/solution/include
-- Generated target case3 using case3.h
-- Added test target: case3
Create case4 Build Context
-- Copy /mnt/c/Users/USER/Desktop/114-framework/114FinalQ001/online-judge/case4.h
-- To /tmp/regs-build-WNm7sI/case/_4_/case.h
-- Add include: /mnt/c/Users/USER/Desktop/114-framework/114FinalQ001/solution
-- Add include: /mnt/c/Users/USER/Desktop/114-framework/114FinalQ001/solution/include
-- Generated target case4 using case4.h
-- Added test target: case4
Create case5 Build Context
-- Copy /mnt/c/Users/USER/Desktop/114-framework/114FinalQ001/online-judge/case5.h
-- To /tmp/regs-build-WNm7sI/case/_5_/case.h
-- Add include: /mnt/c/Users/USER/Desktop/114-framework/114FinalQ001/solution
-- Add include: /mnt/c/Users/USER/Desktop/114-framework/114FinalQ001/solution/include
-- Generated target case5 using case5.h
-- Added test target: case5
All Secret:
--  case1 '@SECRET@'
--  case2 '@SECRET@'
--  case3 '@SECRET@'
--  case4 '@SECRET@'
--  case5 '@SECRET@'
-- Configuring done (2.0s)
-- Generating done (0.0s)
-- Build files have been written to: /tmp/regs-build-WNm7sI
[1/10] Building CXX object CMakeFiles/case4.dir/mnt/c/Users/USER/Desktop/114-framework/114FinalQ001/solution/entrypoint.cpp.o
[2/10] Building CXX object CMakeFiles/case1.dir/mnt/c/Users/USER/Desktop/114-framework/114FinalQ001/solution/entrypoint.cpp.o
[3/10] Building CXX object CMakeFiles/case3.dir/mnt/c/Users/USER/Desktop/114-framework/114FinalQ001/solution/entrypoint.cpp.o
[4/10] Building CXX object CMakeFiles/case2.dir/mnt/c/Users/USER/Desktop/114-framework/114FinalQ001/solution/entrypoint.cpp.o
[5/10] Linking CXX executable case4
[6/10] Linking CXX executable case1
[7/10] Linking CXX executable case3
[8/10] Linking CXX executable case2
[9/10] Building CXX object CMakeFiles/case5.dir/mnt/c/Users/USER/Desktop/114-framework/114FinalQ001/solution/entrypoint.cpp.o
[10/10] Linking CXX executable case5
case1 0/2 (MISSING FILE)
case2 0/2 (MISSING FILE)
case3 0/4 (MISSING FILE)
case4 0/4 (MISSING FILE)
case5 0/8 (MISSING FILE)
[07:34:31] === STEP C: Run (limit=5s) ===
./build/.ninja_deps: 2: Syntax error: "(" unexpected
[ERROR] 程式異常結束，exit code: 2
[07:35:12] === STEP C: Run (limit=5s) ===
./build/.ninja_deps: 2: Syntax error: "(" unexpected
[ERROR] 程式異常結束，exit code: 2
[07:35:25] === STEP C: Run (limit=5s) ===
./build/.ninja_deps: 2: Syntax error: "(" unexpected
[ERROR] 程式異常結束，exit code: 2
[07:35:36] === STEP C: Run (limit=5s) ===
./build/.ninja_deps: 2: Syntax error: "(" unexpected
[ERROR] 程式異常結束，exit code: 2
[07:36:00] === STEP C: Run (limit=5s) ===
./build/.ninja_deps: 2: Syntax error: "(" unexpected
[ERROR] 程式異常結束，exit code: 2
[07:37:04] === STEP C: Run (limit=5s) ===
./build/.ninja_deps: 2: Syntax error: "(" unexpected
[ERROR] 程式異常結束，exit code: 2
[07:37:22] === STEP C: Run (limit=5s) ===
./build/.ninja_deps: 2: Syntax error: "(" unexpected
[ERROR] 程式異常結束，exit code: 2
[07:37:30] === STEP C: Run (limit=5s) ===
./build/.ninja_deps: 2: Syntax error: "(" unexpected
[ERROR] 程式異常結束，exit code: 2
[07:37:39] === STEP C: Run (limit=5s) ===
./build/.ninja_deps: 2: Syntax error: "(" unexpected
[ERROR] 程式異常結束，exit code: 2
[07:38:10] === STEP C: Run (limit=5s) ===
./build/.ninja_deps: 2: Syntax error: "(" unexpected
[ERROR] 程式異常結束，exit code: 2
=== start judge ===
cases: 5, max: 20
-- The C compiler identification is GNU 13.3.0
-- The CXX compiler identification is GNU 13.3.0
-- Detecting C compiler ABI info
-- Detecting C compiler ABI info - done
-- Check for working C compiler: /usr/bin/cc - skipped
-- Detecting C compile features
-- Detecting C compile features - done
-- Detecting CXX compiler ABI info
-- Detecting CXX compiler ABI info - done
-- Check for working CXX compiler: /usr/bin/c++ - skipped
-- Detecting CXX compile features
-- Detecting CXX compile features - done
Collect source files
-- Add : /mnt/c/Users/USER/Desktop/REGS-main/114-framework/114FinalQ001/solution/entrypoint.cpp
Create case1 Build Context
-- Copy /mnt/c/Users/USER/Desktop/REGS-main/114-framework/114FinalQ001/online-judge/case1.h
-- To /tmp/regs-build-RjFV3T/case/_1_/case.h
-- Add include: /mnt/c/Users/USER/Desktop/REGS-main/114-framework/114FinalQ001/solution
-- Add include: /mnt/c/Users/USER/Desktop/REGS-main/114-framework/114FinalQ001/solution/include
-- Generated target case1 using case1.h
-- Added test target: case1
Create case2 Build Context
-- Copy /mnt/c/Users/USER/Desktop/REGS-main/114-framework/114FinalQ001/online-judge/case2.h
-- To /tmp/regs-build-RjFV3T/case/_2_/case.h
-- Add include: /mnt/c/Users/USER/Desktop/REGS-main/114-framework/114FinalQ001/solution
-- Add include: /mnt/c/Users/USER/Desktop/REGS-main/114-framework/114FinalQ001/solution/include
-- Generated target case2 using case2.h
-- Added test target: case2
Create case3 Build Context
-- Copy /mnt/c/Users/USER/Desktop/REGS-main/114-framework/114FinalQ001/online-judge/case3.h
-- To /tmp/regs-build-RjFV3T/case/_3_/case.h
-- Add include: /mnt/c/Users/USER/Desktop/REGS-main/114-framework/114FinalQ001/solution
-- Add include: /mnt/c/Users/USER/Desktop/REGS-main/114-framework/114FinalQ001/solution/include
-- Generated target case3 using case3.h
-- Added test target: case3
Create case4 Build Context
-- Copy /mnt/c/Users/USER/Desktop/REGS-main/114-framework/114FinalQ001/online-judge/case4.h
-- To /tmp/regs-build-RjFV3T/case/_4_/case.h
-- Add include: /mnt/c/Users/USER/Desktop/REGS-main/114-framework/114FinalQ001/solution
-- Add include: /mnt/c/Users/USER/Desktop/REGS-main/114-framework/114FinalQ001/solution/include
-- Generated target case4 using case4.h
-- Added test target: case4
Create case5 Build Context
-- Copy /mnt/c/Users/USER/Desktop/REGS-main/114-framework/114FinalQ001/online-judge/case5.h
-- To /tmp/regs-build-RjFV3T/case/_5_/case.h
-- Add include: /mnt/c/Users/USER/Desktop/REGS-main/114-framework/114FinalQ001/solution
-- Add include: /mnt/c/Users/USER/Desktop/REGS-main/114-framework/114FinalQ001/solution/include
-- Generated target case5 using case5.h
-- Added test target: case5
All Secret:
--  case1 '@SECRET@'
--  case2 '@SECRET@'
--  case3 '@SECRET@'
--  case4 '@SECRET@'
--  case5 '@SECRET@'
-- Configuring done (2.2s)
-- Generating done (0.0s)
-- Build files have been written to: /tmp/regs-build-RjFV3T
[1/10] Building CXX object CMakeFiles/case4.dir/mnt/c/Users/USER/Desktop/REGS-main/114-framework/114FinalQ001/solution/entrypoint.cpp.o
[2/10] Building CXX object CMakeFiles/case2.dir/mnt/c/Users/USER/Desktop/REGS-main/114-framework/114FinalQ001/solution/entrypoint.cpp.o
[3/10] Building CXX object CMakeFiles/case1.dir/mnt/c/Users/USER/Desktop/REGS-main/114-framework/114FinalQ001/solution/entrypoint.cpp.o
[4/10] Building CXX object CMakeFiles/case3.dir/mnt/c/Users/USER/Desktop/REGS-main/114-framework/114FinalQ001/solution/entrypoint.cpp.o
[5/10] Linking CXX executable case4
[6/10] Linking CXX executable case3
[7/10] Linking CXX executable case2
[8/10] Linking CXX executable case1
[9/10] Building CXX object CMakeFiles/case5.dir/mnt/c/Users/USER/Desktop/REGS-main/114-framework/114FinalQ001/solution/entrypoint.cpp.o
[10/10] Linking CXX executable case5
case1 2/2 (AC)
case2 2/2 (AC)
case3 4/4 (AC)
case4 4/4 (AC)
case5 8/8 (AC)
=== start judge ===
cases: 5, max: 20
-- The C compiler identification is GNU 13.3.0
-- The CXX compiler identification is GNU 13.3.0
-- Detecting C compiler ABI info
-- Detecting C compiler ABI info - done
-- Check for working C compiler: /usr/bin/cc - skipped
-- Detecting C compile features
-- Detecting C compile features - done
-- Detecting CXX compiler ABI info
-- Detecting CXX compiler ABI info - done
-- Check for working CXX compiler: /usr/bin/c++ - skipped
-- Detecting CXX compile features
-- Detecting CXX compile features - done
Collect source files
-- Add : /student/entrypoint.cpp
Create case1 Build Context
-- Copy /problem/online-judge/case1.h
-- To /tmp/regs-build-jHKNeK/case/_1_/case.h
-- Add include: /student
-- Add include: /student/include
-- Generated target case1 using case1.h
-- Added test target: case1
Create case2 Build Context
-- Copy /problem/online-judge/case2.h
-- To /tmp/regs-build-jHKNeK/case/_2_/case.h
-- Add include: /student
-- Add include: /student/include
-- Generated target case2 using case2.h
-- Added test target: case2
Create case3 Build Context
-- Copy /problem/online-judge/case3.h
-- To /tmp/regs-build-jHKNeK/case/_3_/case.h
-- Add include: /student
-- Add include: /student/include
-- Generated target case3 using case3.h
-- Added test target: case3
Create case4 Build Context
-- Copy /problem/online-judge/case4.h
-- To /tmp/regs-build-jHKNeK/case/_4_/case.h
-- Add include: /student
-- Add include: /student/include
-- Generated target case4 using case4.h
-- Added test target: case4
Create case5 Build Context
-- Copy /problem/online-judge/case5.h
-- To /tmp/regs-build-jHKNeK/case/_5_/case.h
-- Add include: /student
-- Add include: /student/include
-- Generated target case5 using case5.h
-- Added test target: case5
All Secret:
--  case1 '@SECRET@'
--  case2 '@SECRET@'
--  case3 '@SECRET@'
--  case4 '@SECRET@'
--  case5 '@SECRET@'
-- Configuring done (0.3s)
-- Generating done (0.0s)
-- Build files have been written to: /tmp/regs-build-jHKNeK
[1/10] Building CXX object CMakeFiles/case5.dir/student/entrypoint.cpp.o
FAILED: CMakeFiles/case5.dir/student/entrypoint.cpp.o 
/usr/bin/c++  -I/tmp/regs-build-jHKNeK/case/_5_ -I/student -I/student/include -std=gnu++14 -MD -MT CMakeFiles/case5.dir/student/entrypoint.cpp.o -MF CMakeFiles/case5.dir/student/entrypoint.cpp.o.d -o CMakeFiles/case5.dir/student/entrypoint.cpp.o -c /student/entrypoint.cpp
c++: fatal error: Killed signal terminated program cc1plus
compilation terminated.
[2/10] Building CXX object CMakeFiles/case4.dir/student/entrypoint.cpp.o
FAILED: CMakeFiles/case4.dir/student/entrypoint.cpp.o 
/usr/bin/c++  -I/tmp/regs-build-jHKNeK/case/_4_ -I/student -I/student/include -std=gnu++14 -MD -MT CMakeFiles/case4.dir/student/entrypoint.cpp.o -MF CMakeFiles/case4.dir/student/entrypoint.cpp.o.d -o CMakeFiles/case4.dir/student/entrypoint.cpp.o -c /student/entrypoint.cpp
c++: fatal error: Killed signal terminated program cc1plus
compilation terminated.
[3/10] Building CXX object CMakeFiles/case1.dir/student/entrypoint.cpp.o
FAILED: CMakeFiles/case1.dir/student/entrypoint.cpp.o 
/usr/bin/c++  -I/tmp/regs-build-jHKNeK/case/_1_ -I/student -I/student/include -std=gnu++14 -MD -MT CMakeFiles/case1.dir/student/entrypoint.cpp.o -MF CMakeFiles/case1.dir/student/entrypoint.cpp.o.d -o CMakeFiles/case1.dir/student/entrypoint.cpp.o -c /student/entrypoint.cpp
c++: fatal error: Killed signal terminated program cc1plus
compilation terminated.
[4/10] Building CXX object CMakeFiles/case2.dir/student/entrypoint.cpp.o
[5/10] Building CXX object CMakeFiles/case3.dir/student/entrypoint.cpp.o
ninja: build stopped: subcommand failed.
=== start judge ===
cases: 5, max: 20
-- The C compiler identification is GNU 13.3.0
-- The CXX compiler identification is GNU 13.3.0
-- Detecting C compiler ABI info
-- Detecting C compiler ABI info - done
-- Check for working C compiler: /usr/bin/cc - skipped
-- Detecting C compile features
-- Detecting C compile features - done
-- Detecting CXX compiler ABI info
-- Detecting CXX compiler ABI info - done
-- Check for working CXX compiler: /usr/bin/c++ - skipped
-- Detecting CXX compile features
-- Detecting CXX compile features - done
Collect source files
-- Add : /student/entrypoint.cpp
Create case1 Build Context
-- Copy /problem/online-judge/case1.h
-- To /tmp/regs-build-dOoCJB/case/_1_/case.h
-- Add include: /student
-- Add include: /student/include
-- Generated target case1 using case1.h
-- Added test target: case1
Create case2 Build Context
-- Copy /problem/online-judge/case2.h
-- To /tmp/regs-build-dOoCJB/case/_2_/case.h
-- Add include: /student
-- Add include: /student/include
-- Generated target case2 using case2.h
-- Added test target: case2
Create case3 Build Context
-- Copy /problem/online-judge/case3.h
-- To /tmp/regs-build-dOoCJB/case/_3_/case.h
-- Add include: /student
-- Add include: /student/include
-- Generated target case3 using case3.h
-- Added test target: case3
Create case4 Build Context
-- Copy /problem/online-judge/case4.h
-- To /tmp/regs-build-dOoCJB/case/_4_/case.h
-- Add include: /student
-- Add include: /student/include
-- Generated target case4 using case4.h
-- Added test target: case4
Create case5 Build Context
-- Copy /problem/online-judge/case5.h
-- To /tmp/regs-build-dOoCJB/case/_5_/case.h
-- Add include: /student
-- Add include: /student/include
-- Generated target case5 using case5.h
-- Added test target: case5
All Secret:
--  case1 '@SECRET@'
--  case2 '@SECRET@'
--  case3 '@SECRET@'
--  case4 '@SECRET@'
--  case5 '@SECRET@'
-- Configuring done (0.3s)
-- Generating done (0.0s)
-- Build files have been written to: /tmp/regs-build-dOoCJB
[1/10] Building CXX object CMakeFiles/case2.dir/student/entrypoint.cpp.o
FAILED: CMakeFiles/case2.dir/student/entrypoint.cpp.o 
/usr/bin/c++  -I/tmp/regs-build-dOoCJB/case/_2_ -I/student -I/student/include -std=gnu++14 -MD -MT CMakeFiles/case2.dir/student/entrypoint.cpp.o -MF CMakeFiles/case2.dir/student/entrypoint.cpp.o.d -o CMakeFiles/case2.dir/student/entrypoint.cpp.o -c /student/entrypoint.cpp
c++: fatal error: Killed signal terminated program cc1plus
compilation terminated.
[2/10] Building CXX object CMakeFiles/case5.dir/student/entrypoint.cpp.o
FAILED: CMakeFiles/case5.dir/student/entrypoint.cpp.o 
/usr/bin/c++  -I/tmp/regs-build-dOoCJB/case/_5_ -I/student -I/student/include -std=gnu++14 -MD -MT CMakeFiles/case5.dir/student/entrypoint.cpp.o -MF CMakeFiles/case5.dir/student/entrypoint.cpp.o.d -o CMakeFiles/case5.dir/student/entrypoint.cpp.o -c /student/entrypoint.cpp
c++: fatal error: Killed signal terminated program cc1plus
compilation terminated.
[3/10] Building CXX object CMakeFiles/case3.dir/student/entrypoint.cpp.o
FAILED: CMakeFiles/case3.dir/student/entrypoint.cpp.o 
/usr/bin/c++  -I/tmp/regs-build-dOoCJB/case/_3_ -I/student -I/student/include -std=gnu++14 -MD -MT CMakeFiles/case3.dir/student/entrypoint.cpp.o -MF CMakeFiles/case3.dir/student/entrypoint.cpp.o.d -o CMakeFiles/case3.dir/student/entrypoint.cpp.o -c /student/entrypoint.cpp
c++: fatal error: Killed signal terminated program cc1plus
compilation terminated.
[4/10] Building CXX object CMakeFiles/case4.dir/student/entrypoint.cpp.o
[5/10] Building CXX object CMakeFiles/case1.dir/student/entrypoint.cpp.o
ninja: build stopped: subcommand failed.
